<?xml version="1.0" encoding="UTF-8"?>
<!-- Generated by org.testng.reporters.JUnitReportReporter -->
<testsuite hostname="ENX4C6GJGW2K" failures="0" tests="1" name="tests.SessionsTest" time="45.780" errors="0" timestamp="2025-04-12T20:07:23 CEST" skipped="0">
  <testcase classname="tests.SessionsTest" name="testSessions" time="45.780"/>
</testsuite> <!-- tests.SessionsTest -->
