<?xml version="1.0" encoding="UTF-8"?>
<!-- Generated by org.testng.reporters.JUnitReportReporter -->
<testsuite hostname="ENX4C6GJGW2K" failures="0" tests="1" name="tests.FlowsTest" time="69.135" errors="0" timestamp="2025-04-12T20:07:23 CEST" skipped="0">
  <testcase classname="tests.FlowsTest" name="testFlows" time="69.135"/>
</testsuite> <!-- tests.FlowsTest -->
